{"type":"server-started","port":54353,"host":"127.0.0.1","url_host":"localhost","url":"http://localhost:54353","screen_dir":"/home/javier/Documents/repos/Brain/brain-software-factory.github.io/.superpowers/brainstorm/16084-1775777811/content","state_dir":"/home/javier/Documents/repos/Brain/brain-software-factory.github.io/.superpowers/brainstorm/16084-1775777811/state"}
{"type":"screen-added","file":"/home/javier/Documents/repos/Brain/brain-software-factory.github.io/.superpowers/brainstorm/16084-1775777811/content/visual-direction.html"}
{"source":"user-event","type":"click","text":"Brain\n      \n      AUTOMATIZACIÓN INTELIGENTE\n      Flujos que piensanpor vos\n      \n        Empezar →\n        Ver demo\n      \n      \n        \n          98%\n          Uptime\n        \n        \n          3x\n          Más rápido\n        \n        \n          n8n\n          Stack\n        \n      \n    \n    \n      A — Dark Tech\n      Fondo oscuro, acentos violeta/índigo, tipografía bold. Estética de producto SaaS moderno (Linear, Vercel, Raycast). Transmite sofisticación y precisión técnica.","choice":"dark-tech","id":null,"timestamp":1775778044435}
{"source":"user-event","type":"click","text":"Brain\n      \n      AUTOMATIZACIÓN INTELIGENTE\n      Flujos que piensanpor vos\n      \n        Empezar →\n        Ver demo\n      \n      \n        \n          98%\n          Uptime\n        \n        \n          3x\n          Más rápido\n        \n        \n          n8n\n          Stack\n        \n      \n    \n    \n      A — Dark Tech\n      Fondo oscuro, acentos violeta/índigo, tipografía bold. Estética de producto SaaS moderno (Linear, Vercel, Raycast). Transmite sofisticación y precisión técnica.","choice":"dark-tech","id":null,"timestamp":1775778046419}
{"source":"user-event","type":"click","text":"Brain\n      \n      AUTOMATIZACIÓN INTELIGENTE\n      Flujos que piensanpor vos\n      \n        Empezar →\n        Ver demo\n      \n      \n        \n          98%\n          Uptime\n        \n        \n          3x\n          Más rápido\n        \n        \n          n8n\n          Stack\n        \n      \n    \n    \n      A — Dark Tech\n      Fondo oscuro, acentos violeta/índigo, tipografía bold. Estética de producto SaaS moderno (Linear, Vercel, Raycast). Transmite sofisticación y precisión técnica.","choice":"dark-tech","id":null,"timestamp":1775778046731}
{"source":"user-event","type":"click","text":"Brain\n      \n      AUTOMATIZACIÓN INTELIGENTE\n      Flujos que piensanpor vos\n      \n        Empezar →\n        Ver demo\n      \n      \n        \n          98%\n          Uptime\n        \n        \n          3x\n          Más rápido\n        \n        \n          n8n\n          Stack\n        \n      \n    \n    \n      A — Dark Tech\n      Fondo oscuro, acentos violeta/índigo, tipografía bold. Estética de producto SaaS moderno (Linear, Vercel, Raycast). Transmite sofisticación y precisión técnica.","choice":"dark-tech","id":null,"timestamp":1775778050522}
{"type":"screen-added","file":"/home/javier/Documents/repos/Brain/brain-software-factory.github.io/.superpowers/brainstorm/16084-1775777811/content/waiting-1.html"}
{"type":"screen-added","file":"/home/javier/Documents/repos/Brain/brain-software-factory.github.io/.superpowers/brainstorm/16084-1775777811/content/estructura.html"}
{"source":"user-event","type":"click","text":"✓\n      \n        Estructura aprobada\n        Me parece bien, seguimos con el diseño de cada sección","choice":"aprobado","id":null,"timestamp":1775778830510}
{"source":"user-event","type":"click","text":"✎\n      \n        Quiero cambiar algo\n        Hay alguna sección que quiero conservar o modificar","choice":"cambios","id":null,"timestamp":1775778832710}
{"source":"user-event","type":"click","text":"✓\n      \n        Estructura aprobada\n        Me parece bien, seguimos con el diseño de cada sección","choice":"aprobado","id":null,"timestamp":1775778835094}
{"source":"user-event","type":"click","text":"✓\n      \n        Estructura aprobada\n        Me parece bien, seguimos con el diseño de cada sección","choice":"aprobado","id":null,"timestamp":1775778864118}
{"type":"screen-added","file":"/home/javier/Documents/repos/Brain/brain-software-factory.github.io/.superpowers/brainstorm/16084-1775777811/content/hero-design.html"}
{"type":"screen-added","file":"/home/javier/Documents/repos/Brain/brain-software-factory.github.io/.superpowers/brainstorm/16084-1775777811/content/problema-solucion.html"}
{"type":"screen-added","file":"/home/javier/Documents/repos/Brain/brain-software-factory.github.io/.superpowers/brainstorm/16084-1775777811/content/problema-solucion-v2.html"}
{"type":"screen-added","file":"/home/javier/Documents/repos/Brain/brain-software-factory.github.io/.superpowers/brainstorm/16084-1775777811/content/steps-social-proof.html"}
{"type":"screen-added","file":"/home/javier/Documents/repos/Brain/brain-software-factory.github.io/.superpowers/brainstorm/16084-1775777811/content/pricing-faq-contact.html"}
{"type":"screen-added","file":"/home/javier/Documents/repos/Brain/brain-software-factory.github.io/.superpowers/brainstorm/16084-1775777811/content/pricing-faq-contact-v2.html"}
{"type":"screen-added","file":"/home/javier/Documents/repos/Brain/brain-software-factory.github.io/.superpowers/brainstorm/16084-1775777811/content/pricing-v2.html"}
{"type":"server-stopped","reason":"idle timeout"}
